2021-12-05T05:04:37.648Z - normal: Load ~/.CocosCreator/settings.json
2021-12-05T05:04:39.035Z - normal: Initializing Asset Database
2021-12-05T05:04:39.039Z - normal: checking language setting...
2021-12-05T05:04:39.039Z - normal: Language: en
2021-12-05T05:04:40.761Z - success: preview server running at http://localhost:7456
2021-12-05T05:04:40.765Z - success: protocol editor-framework registered
2021-12-05T05:04:40.765Z - success: protocol app registered
2021-12-05T05:04:40.765Z - success: protocol theme registered
2021-12-05T05:04:40.765Z - success: protocol packages registered
2021-12-05T05:04:40.765Z - success: protocol uuid registerred
2021-12-05T05:04:40.766Z - success: protocol db registerred
2021-12-05T05:04:40.766Z - success: protocol thumbnail registerred
2021-12-05T05:04:40.766Z - success: protocol unpack registerred
2021-12-05T05:04:40.766Z - success: protocol disable-commonjs registerred
2021-12-05T05:04:41.818Z - normal: connected!
2021-12-05T05:04:41.821Z - normal: Check project D:\LongGit\2048_Git
2021-12-05T05:04:41.827Z - normal: Initializing project D:\LongGit\2048_Git
2021-12-05T05:04:42.888Z - normal: Initializing Cocos2d
2021-12-05T05:04:44.749Z - normal: Initializing engine extends
2021-12-05T05:04:44.846Z - success: alipay-adapter loaded
2021-12-05T05:04:44.867Z - success: asset-db-debugger loaded
2021-12-05T05:04:44.873Z - success: baidu-adapter loaded
2021-12-05T05:04:44.881Z - success: color-picker loaded
2021-12-05T05:04:45.295Z - success: fb-audience-network loaded
2021-12-05T05:04:45.433Z - success: fb-live-stream loaded
2021-12-05T05:04:45.442Z - success: google-play-instant loaded
2021-12-05T05:04:45.453Z - success: huawei-runtime loaded
2021-12-05T05:04:46.032Z - success: cpk-publish loaded
2021-12-05T05:04:46.033Z - success: jsb-adapter loaded
2021-12-05T05:04:46.045Z - success: oppo-runtime loaded
2021-12-05T05:04:46.055Z - success: package-manager loaded
2021-12-05T05:04:46.343Z - success: qqplay-adapter loaded
2021-12-05T05:04:46.346Z - success: runtime-dev-tools loaded
2021-12-05T05:04:46.355Z - success: sdkbox loaded
2021-12-05T05:04:46.363Z - success: tester loaded
2021-12-05T05:04:46.366Z - success: ui-kit-preview-extra loaded
2021-12-05T05:04:46.370Z - success: ui-kit-preview loaded
2021-12-05T05:04:46.374Z - success: ui-kit loaded
2021-12-05T05:04:46.387Z - success: vivo-runtime loaded
2021-12-05T05:04:46.389Z - success: weapp-adapter loaded
2021-12-05T05:04:46.392Z - success: xiaomi-adapter loaded
2021-12-05T05:04:46.397Z - success: alipay-minigame loaded
2021-12-05T05:04:46.480Z - success: assets loaded
2021-12-05T05:04:46.484Z - success: builder loaded
2021-12-05T05:04:47.242Z - success: cocos-services loaded
2021-12-05T05:04:47.260Z - success: console loaded
2021-12-05T05:04:47.442Z - success: fb-instant-games loaded
2021-12-05T05:04:47.457Z - success: game-window loaded
2021-12-05T05:04:47.462Z - success: google-instant-games loaded
2021-12-05T05:04:47.472Z - success: hierarchy loaded
2021-12-05T05:04:47.477Z - success: inspector loaded
2021-12-05T05:04:47.478Z - success: keystore loaded
2021-12-05T05:04:47.484Z - success: node-library loaded
2021-12-05T05:04:47.494Z - success: package-asset loaded
2021-12-05T05:04:47.497Z - success: preferences loaded
2021-12-05T05:04:47.500Z - success: project-exporter loaded
2021-12-05T05:04:47.503Z - success: project-importer loaded
2021-12-05T05:04:47.509Z - success: project-settings loaded
2021-12-05T05:04:47.514Z - success: scene loaded
2021-12-05T05:04:47.517Z - success: simulator-debugger loaded
2021-12-05T05:04:47.518Z - success: sprite-editor loaded
2021-12-05T05:04:47.524Z - success: store loaded
2021-12-05T05:04:47.534Z - success: timeline loaded
2021-12-05T05:04:47.543Z - success: xiaomi-runtime loaded
2021-12-05T05:04:51.220Z - info: Cocos Services load base data!
2021-12-05T05:05:02.985Z - normal: Loading packages
2021-12-05T05:05:03.005Z - normal: Watching packages
2021-12-05T05:05:04.892Z - normal: Run Application
2021-12-05T05:07:39.218Z - success: huawei-runtime unloaded
2021-12-05T05:07:39.225Z - success: cpk-publish unloaded
2021-12-05T05:07:39.227Z - success: oppo-runtime unloaded
2021-12-05T05:07:39.229Z - success: vivo-runtime unloaded
2021-12-05T05:07:39.245Z - success: huawei-runtime loaded
2021-12-05T05:07:39.246Z - success: cpk-publish loaded
2021-12-05T05:07:39.246Z - success: oppo-runtime loaded
2021-12-05T05:07:39.246Z - success: vivo-runtime loaded
2021-12-05T05:08:02.503Z - normal: Start building with options : {
  "actualPlatform": "web-mobile",
  "android-instant": {
    "REMOTE_SERVER_ROOT": "",
    "host": "",
    "pathPattern": "",
    "recordPath": "",
    "scheme": "https",
    "skipRecord": false
  },
  "apiLevel": "",
  "appABIs": [],
  "appBundle": false,
  "baidugame": {
    "REMOTE_SERVER_ROOT": "",
    "appid": "testappid",
    "orientation": "portrait",
    "subContext": ""
  },
  "buildPath": "D:\\LongGit\\2048_Git\\build",
  "debug": false,
  "dest": "D:\\LongGit\\2048_Git\\build\\web-mobile",
  "embedWebDebugger": false,
  "encryptJs": true,
  "excludeScenes": [],
  "excludedModules": [],
  "fb-instant-games": {},
  "includeSDKBox": false,
  "inlineSpriteFrames": true,
  "inlineSpriteFrames_native": true,
  "md5Cache": false,
  "mergeStartScene": false,
  "optimizeHotUpdate": false,
  "orientation": {
    "landscapeLeft": true,
    "landscapeRight": true,
    "portrait": false,
    "upsideDown": false
  },
  "packageName": "org.cocos2d.2048_Git",
  "platform": "web-mobile",
  "previewHeight": "720",
  "previewWidth": "1280",
  "qqplay": {
    "REMOTE_SERVER_ROOT": "",
    "orientation": "portrait",
    "zip": false
  },
  "scenes": [
    "b29c01d9-5fb7-4030-b627-32304e09fe25"
  ],
  "sourceMaps": false,
  "startScene": "b29c01d9-5fb7-4030-b627-32304e09fe25",
  "template": "link",
  "title": "2048_Git",
  "useDebugKeystore": true,
  "vsVersion": "auto",
  "webOrientation": "auto",
  "wechatgame": {
    "REMOTE_SERVER_ROOT": "",
    "appid": "wx6ac3f5090a6b99c5",
    "orientation": "portrait",
    "separate_engine": false,
    "subContext": ""
  },
  "xxteaKey": "431f9668-680b-4f",
  "zipCompressJs": true,
  "project": "D:\\LongGit\\2048_Git",
  "projectName": "2048_Git",
  "debugBuildWorker": false
}
2021-12-05T05:08:02.507Z - normal: Building D:\LongGit\2048_Git
2021-12-05T05:08:02.508Z - normal: Destination D:\LongGit\2048_Git\build\web-mobile
2021-12-05T05:08:02.669Z - normal: Delete D:\LongGit\2048_Git\build\web-mobile\subpackages/**/*,D:\LongGit\2048_Git\build\web-mobile\**\*
2021-12-05T05:09:43.346Z - normal: Start building assets
2021-12-05T05:09:43.348Z - normal: Start spawn build-worker
2021-12-05T05:09:44.601Z - normal: Finish spawn build-worker
2021-12-05T05:09:44.601Z - normal: Start init build-worker
2021-12-05T05:09:50.455Z - normal: Finish init build-worker
2021-12-05T05:09:50.455Z - normal: Start build-assets in worker
2021-12-05T05:09:51.316Z - normal: Finish build-assets in worker
2021-12-05T05:09:51.336Z - normal: Finish building assets
2021-12-05T05:09:51.367Z - normal: Start building plugin scripts
2021-12-05T05:09:51.400Z - normal: Generating main.js from C:\CocosCreator_2.1.3\resources\static\build-templates\shares\main.js
2021-12-05T05:09:51.429Z - normal: Generating html from C:\CocosCreator_2.1.3\resources\static\build-templates\web-mobile\template\index.html
2021-12-05T05:09:51.498Z - normal: Built to "D:\LongGit\2048_Git\build\web-mobile" successfully
